<?xml version="1.0" encoding="UTF-8"?>
<testsuite xmlns:xsi="http://www.w3.org/2001/XMLSchema-instance" xsi:noNamespaceSchemaLocation="https://maven.apache.org/surefire/maven-surefire-plugin/xsd/surefire-test-report.xsd" version="3.0.2" name="com.example.FileManagementAndStorage.FileManagementAndStorageApplicationTests" time="24.604" tests="1" errors="0" skipped="0" failures="0">
  <properties>
[...]
</properties>
  <testcase name="contextLoads" classname="com.example.FileManagementAndStorage.FileManagementAndStorageApplicationTests" time="0.535">
    <system-out><![CDATA[23:37:54.214 [main] INFO org.springframework.test.context.support.AnnotationConfigContextLoaderUtils -- Could not detect default configuration classes for test class [com.example.FileManagementAndStorage.FileManagementAndStorageApplicationTests]: FileManagementAndStorageApplicationTests does not declare any static, non-private, non-final, nested classes annotated with @Configuration.
23:37:54.390 [main] INFO org.springframework.boot.test.context.SpringBootTestContextBootstrapper -- Found @SpringBootConfiguration com.example.FileManagementAndStorage.FileManagementAndStorageApplication for test class com.example.FileManagementAndStorage.FileManagementAndStorageApplicationTests

  .   ____          _            __ _ _
 /\\ / ___'_ __ _ _(_)_ __  __ _ \ \ \ \
( ( )\___ | '_ | '_| | '_ \/ _` | \ \ \ \
 \\/  ___)| |_)| | | | | || (_| |  ) ) ) )
  '  |____| .__|_| |_|_| |_\__, | / / / /
 =========|_|==============|___/=/_/_/_/

 :: Spring Boot ::                (v3.5.3)

2026-01-29T23:37:55.216+05:30  INFO 2748 --- [FileManagementAndStorage] [           main] FileManagementAndStorageApplicationTests : Starting FileManagementAndStorageApplicationTests using Java 17.0.12 with PID 2748 (started by dhars in C:\Users\dhars\workspace-java\FileSystemAndStorage\FileManagementAndStorage\FileManagementAndStorage)
2026-01-29T23:37:55.216+05:30 DEBUG 2748 --- [FileManagementAndStorage] [           main] FileManagementAndStorageApplicationTests : Running with Spring Boot v3.5.3, Spring v6.2.8
2026-01-29T23:37:55.223+05:30  INFO 2748 --- [FileManagementAndStorage] [           main] FileManagementAndStorageApplicationTests : No active profile set, falling back to 1 default profile: "default"
2026-01-29T23:37:56.562+05:30  INFO 2748 --- [FileManagementAndStorage] [           main] .s.d.r.c.RepositoryConfigurationDelegate : Bootstrapping Spring Data JPA repositories in DEFAULT mode.
2026-01-29T23:37:56.727+05:30  INFO 2748 --- [FileManagementAndStorage] [           main] .s.d.r.c.RepositoryConfigurationDelegate : Finished Spring Data repository scanning in 150 ms. Found 4 JPA repository interfaces.
2026-01-29T23:37:57.785+05:30  INFO 2748 --- [FileManagementAndStorage] [           main] o.hibernate.jpa.internal.util.LogHelper  : HHH000204: Processing PersistenceUnitInfo [name: default]
2026-01-29T23:37:57.928+05:30  INFO 2748 --- [FileManagementAndStorage] [           main] org.hibernate.Version                    : HHH000412: Hibernate ORM core version 6.6.18.Final
2026-01-29T23:37:58.044+05:30  INFO 2748 --- [FileManagementAndStorage] [           main] o.h.c.internal.RegionFactoryInitiator    : HHH000026: Second-level cache disabled
2026-01-29T23:37:58.708+05:30  INFO 2748 --- [FileManagementAndStorage] [           main] o.s.o.j.p.SpringPersistenceUnitInfo      : No LoadTimeWeaver setup: ignoring JPA class transformer
2026-01-29T23:37:58.761+05:30  INFO 2748 --- [FileManagementAndStorage] [           main] com.zaxxer.hikari.HikariDataSource       : HikariPool-1 - Starting...
2026-01-29T23:38:01.373+05:30  INFO 2748 --- [FileManagementAndStorage] [           main] com.zaxxer.hikari.pool.HikariPool        : HikariPool-1 - Added connection org.postgresql.jdbc.PgConnection@7b52b18a
2026-01-29T23:38:01.383+05:30  INFO 2748 --- [FileManagementAndStorage] [           main] com.zaxxer.hikari.HikariDataSource       : HikariPool-1 - Start completed.
2026-01-29T23:38:01.722+05:30  WARN 2748 --- [FileManagementAndStorage] [           main] org.hibernate.orm.deprecation            : HHH90000025: PostgreSQLDialect does not need to be specified explicitly using 'hibernate.dialect' (remove the property setting and it will be selected by default)
2026-01-29T23:38:02.504+05:30  INFO 2748 --- [FileManagementAndStorage] [           main] org.hibernate.orm.connections.pooling    : HHH10001005: Database info:
	Database JDBC URL [Connecting through datasource 'HikariDataSource (HikariPool-1)']
	Database driver: undefined/unknown
	Database version: 18.1
	Autocommit mode: undefined/unknown
	Isolation level: undefined/unknown
	Minimum pool size: undefined/unknown
	Maximum pool size: undefined/unknown
2026-01-29T23:38:03.818+05:30  INFO 2748 --- [FileManagementAndStorage] [           main] o.h.e.t.j.p.i.JtaPlatformInitiator       : HHH000489: No JTA platform available (set 'hibernate.transaction.jta.platform' to enable JTA platform integration)
2026-01-29T23:38:14.540+05:30  INFO 2748 --- [FileManagementAndStorage] [           main] j.LocalContainerEntityManagerFactoryBean : Initialized JPA EntityManagerFactory for persistence unit 'default'
2026-01-29T23:38:16.438+05:30  WARN 2748 --- [FileManagementAndStorage] [           main] JpaBaseConfiguration$JpaWebConfiguration : spring.jpa.open-in-view is enabled by default. Therefore, database queries may be performed during view rendering. Explicitly configure spring.jpa.open-in-view to disable this warning
2026-01-29T23:38:16.513+05:30  INFO 2748 --- [FileManagementAndStorage] [           main] r$InitializeUserDetailsManagerConfigurer : Global AuthenticationManager configured with UserDetailsService bean with name customUserDetailsService
2026-01-29T23:38:17.815+05:30  INFO 2748 --- [FileManagementAndStorage] [           main] o.s.b.a.h2.H2ConsoleAutoConfiguration    : H2 console available at '/h2-console'. Database available at 'jdbc:postgresql://dpg-d5thkj3uibrs73dmpt80-a.oregon-postgres.render.com/simpledb_4tvt'
2026-01-29T23:38:18.006+05:30  INFO 2748 --- [FileManagementAndStorage] [           main] FileManagementAndStorageApplicationTests : Started FileManagementAndStorageApplicationTests in 23.282 seconds (process running for 24.985)
]]></system-out>
  </testcase>
</testsuite>